<?xml version="1.0" encoding="UTF-8"?>
<!-- Generated by org.testng.reporters.JUnitReportReporter -->
<testsuite hostname="LAPTOP-J843U7OO" failures="0" tests="3" name="tests.LoginTest" time="8.991" errors="0" timestamp="27 Jul 2024 13:11:55 GMT" skipped="0">
  <testcase classname="tests.LoginTest" name="TC02_LoginFailureTest" time="3.295"/>
  <testcase classname="tests.LoginTest" name="TC01_LoginSuccessTest" time="3.145"/>
  <testcase classname="tests.LoginTest" name="TC03_LockedUserTest" time="2.551"/>
</testsuite> <!-- tests.LoginTest -->
