<?xml version="1.0" encoding="UTF-8"?>
<!-- Generated by org.testng.reporters.JUnitReportReporter -->
<testsuite hostname="LAPTOP-J843U7OO" failures="0" tests="1" name="tests.HomePageTest" time="5.324" errors="0" timestamp="27 Jul 2024 13:11:36 GMT" skipped="0">
  <testcase classname="tests.HomePageTest" name="TC01_AddToCartTest" time="5.324"/>
</testsuite> <!-- tests.HomePageTest -->
